The system is: Darwin - 21.4.0 - x86_64
Compiling the CXX compiler identification source file "CMakeCXXCompilerId.cpp" succeeded.
Compiler: /usr/local/bin/g++-13 
Build flags: 
Id flags: -c 

The output was:
0


Compilation of the CXX compiler identification source "CMakeCXXCompilerId.cpp" produced "CMakeCXXCompilerId.o"

The CXX compiler identification is GNU, found in "/Users/snamba/Dropbox/Fastq2Sam/build_mac/CMakeFiles/3.17.1/CompilerIdCXX/CMakeCXXCompilerId.o"

Determining if the CXX compiler works passed with the following output:
Change Dir: /Users/snamba/Dropbox/Fastq2Sam/build_mac/CMakeFiles/CMakeTmp

Run Build Command(s):/usr/bin/make cmTC_673ad/fast && /Applications/Xcode.app/Contents/Developer/usr/bin/make  -f CMakeFiles/cmTC_673ad.dir/build.make CMakeFiles/cmTC_673ad.dir/build
Building CXX object CMakeFiles/cmTC_673ad.dir/testCXXCompiler.cxx.o
/usr/local/bin/g++-13    -isysroot /Applications/Xcode.app/Contents/Developer/Platforms/MacOSX.platform/Developer/SDKs/MacOSX12.0.sdk   -o CMakeFiles/cmTC_673ad.dir/testCXXCompiler.cxx.o -c /Users/snamba/Dropbox/Fastq2Sam/build_mac/CMakeFiles/CMakeTmp/testCXXCompiler.cxx
Linking CXX executable cmTC_673ad
/usr/local/Cellar/cmake/3.17.1/bin/cmake -E cmake_link_script CMakeFiles/cmTC_673ad.dir/link.txt --verbose=1
/usr/local/bin/g++-13    -isysroot /Applications/Xcode.app/Contents/Developer/Platforms/MacOSX.platform/Developer/SDKs/MacOSX12.0.sdk -Wl,-search_paths_first -Wl,-headerpad_max_install_names -L/usr/local/opt/ruby/lib  CMakeFiles/cmTC_673ad.dir/testCXXCompiler.cxx.o  -o cmTC_673ad 



Detecting CXX compiler ABI info compiled with the following output:
Change Dir: /Users/snamba/Dropbox/Fastq2Sam/build_mac/CMakeFiles/CMakeTmp

Run Build Command(s):/usr/bin/make cmTC_577eb/fast && /Applications/Xcode.app/Contents/Developer/usr/bin/make  -f CMakeFiles/cmTC_577eb.dir/build.make CMakeFiles/cmTC_577eb.dir/build
Building CXX object CMakeFiles/cmTC_577eb.dir/CMakeCXXCompilerABI.cpp.o
/usr/local/bin/g++-13    -isysroot /Applications/Xcode.app/Contents/Developer/Platforms/MacOSX.platform/Developer/SDKs/MacOSX12.0.sdk   -v -Wl,-v -o CMakeFiles/cmTC_577eb.dir/CMakeCXXCompilerABI.cpp.o -c /usr/local/Cellar/cmake/3.17.1/share/cmake/Modules/CMakeCXXCompilerABI.cpp
Using built-in specs.
COLLECT_GCC=/usr/local/bin/g++-13
Target: x86_64-apple-darwin21
Configured with: ../configure --prefix=/usr/local/opt/gcc --libdir=/usr/local/opt/gcc/lib/gcc/current --disable-nls --enable-checking=release --with-gcc-major-version-only --enable-languages=c,c++,objc,obj-c++,fortran --program-suffix=-13 --with-gmp=/usr/local/opt/gmp --with-mpfr=/usr/local/opt/mpfr --with-mpc=/usr/local/opt/libmpc --with-isl=/usr/local/opt/isl --with-zstd=/usr/local/opt/zstd --with-pkgversion='Homebrew GCC 13.1.0' --with-bugurl=https://github.com/Homebrew/homebrew-core/issues --with-system-zlib --build=x86_64-apple-darwin21 --with-sysroot=/Library/Developer/CommandLineTools/SDKs/MacOSX12.sdk
Thread model: posix
Supported LTO compression algorithms: zlib zstd
gcc version 13.1.0 (Homebrew GCC 13.1.0) 
COLLECT_GCC_OPTIONS='-isysroot' '/Applications/Xcode.app/Contents/Developer/Platforms/MacOSX.platform/Developer/SDKs/MacOSX12.0.sdk' '-v' '-o' 'CMakeFiles/cmTC_577eb.dir/CMakeCXXCompilerABI.cpp.o' '-c' '-mmacosx-version-min=12.0.0' '-asm_macosx_version_min=12.0' '-nodefaultexport' '-shared-libgcc' '-mtune=core2' '-dumpdir' 'CMakeFiles/cmTC_577eb.dir/'
 /usr/local/Cellar/gcc/13.1.0/bin/../libexec/gcc/x86_64-apple-darwin21/13/cc1plus -quiet -v -iprefix /usr/local/Cellar/gcc/13.1.0/bin/../lib/gcc/current/gcc/x86_64-apple-darwin21/13/ -D__DYNAMIC__ -isysroot /Applications/Xcode.app/Contents/Developer/Platforms/MacOSX.platform/Developer/SDKs/MacOSX12.0.sdk /usr/local/Cellar/cmake/3.17.1/share/cmake/Modules/CMakeCXXCompilerABI.cpp -fPIC -quiet -dumpdir CMakeFiles/cmTC_577eb.dir/ -dumpbase CMakeCXXCompilerABI.cpp.cpp -dumpbase-ext .cpp -mmacosx-version-min=12.0.0 -mtune=core2 -version -o /var/folders/8x/3tfr_ssx4g79rjxbsw2r71nh0000gn/T//cccmKQUS.s
GNU C++17 (Homebrew GCC 13.1.0) version 13.1.0 (x86_64-apple-darwin21)
	compiled by GNU C version 13.1.0, GMP version 6.2.1, MPFR version 4.2.0-p4, MPC version 1.3.1, isl version isl-0.26-GMP

warning: MPFR header version 4.2.0-p4 differs from library version 4.2.0-p9.
GGC heuristics: --param ggc-min-expand=100 --param ggc-min-heapsize=131072
ignoring nonexistent directory "/usr/local/Cellar/gcc/13.1.0/bin/../lib/gcc/current/gcc/x86_64-apple-darwin21/13/../../../../../../x86_64-apple-darwin21/include"
ignoring duplicate directory "/usr/local/Cellar/gcc/13.1.0/bin/../lib/gcc/current/gcc/../../../../lib/gcc/current/gcc/x86_64-apple-darwin21/13/../../../../../../include/c++/13"
ignoring duplicate directory "/usr/local/Cellar/gcc/13.1.0/bin/../lib/gcc/current/gcc/../../../../lib/gcc/current/gcc/x86_64-apple-darwin21/13/../../../../../../include/c++/13/x86_64-apple-darwin21"
ignoring duplicate directory "/usr/local/Cellar/gcc/13.1.0/bin/../lib/gcc/current/gcc/../../../../lib/gcc/current/gcc/x86_64-apple-darwin21/13/../../../../../../include/c++/13/backward"
ignoring duplicate directory "/usr/local/Cellar/gcc/13.1.0/bin/../lib/gcc/current/gcc/../../../../lib/gcc/current/gcc/x86_64-apple-darwin21/13/include"
ignoring nonexistent directory "/Applications/Xcode.app/Contents/Developer/Platforms/MacOSX.platform/Developer/SDKs/MacOSX12.0.sdk/usr/local/include"
ignoring duplicate directory "/usr/local/Cellar/gcc/13.1.0/bin/../lib/gcc/current/gcc/../../../../lib/gcc/current/gcc/x86_64-apple-darwin21/13/include-fixed"
ignoring nonexistent directory "/usr/local/Cellar/gcc/13.1.0/bin/../lib/gcc/current/gcc/../../../../lib/gcc/current/gcc/x86_64-apple-darwin21/13/../../../../../../x86_64-apple-darwin21/include"
ignoring nonexistent directory "/Applications/Xcode.app/Contents/Developer/Platforms/MacOSX.platform/Developer/SDKs/MacOSX12.0.sdk/Library/Frameworks"
#include "..." search starts here:
#include <...> search starts here:
 /usr/local/Cellar/gcc/13.1.0/bin/../lib/gcc/current/gcc/x86_64-apple-darwin21/13/../../../../../../include/c++/13
 /usr/local/Cellar/gcc/13.1.0/bin/../lib/gcc/current/gcc/x86_64-apple-darwin21/13/../../../../../../include/c++/13/x86_64-apple-darwin21
 /usr/local/Cellar/gcc/13.1.0/bin/../lib/gcc/current/gcc/x86_64-apple-darwin21/13/../../../../../../include/c++/13/backward
 /usr/local/Cellar/gcc/13.1.0/bin/../lib/gcc/current/gcc/x86_64-apple-darwin21/13/include
 /usr/local/Cellar/gcc/13.1.0/bin/../lib/gcc/current/gcc/x86_64-apple-darwin21/13/include-fixed
 /Applications/Xcode.app/Contents/Developer/Platforms/MacOSX.platform/Developer/SDKs/MacOSX12.0.sdk/usr/include
 /Applications/Xcode.app/Contents/Developer/Platforms/MacOSX.platform/Developer/SDKs/MacOSX12.0.sdk/System/Library/Frameworks
End of search list.
Compiler executable checksum: e5ba2421883fc0e9f14f96691701f76b
COLLECT_GCC_OPTIONS='-isysroot' '/Applications/Xcode.app/Contents/Developer/Platforms/MacOSX.platform/Developer/SDKs/MacOSX12.0.sdk' '-v' '-o' 'CMakeFiles/cmTC_577eb.dir/CMakeCXXCompilerABI.cpp.o' '-c' '-mmacosx-version-min=12.0.0'  '-nodefaultexport' '-shared-libgcc' '-mtune=core2' '-dumpdir' 'CMakeFiles/cmTC_577eb.dir/'
 as -arch x86_64 -v -mmacosx-version-min=12.0 -mllvm -x86-pad-for-align=false -force_cpusubtype_ALL -o CMakeFiles/cmTC_577eb.dir/CMakeCXXCompilerABI.cpp.o /var/folders/8x/3tfr_ssx4g79rjxbsw2r71nh0000gn/T//cccmKQUS.s
Apple clang version 13.0.0 (clang-1300.0.29.3)
Target: x86_64-apple-darwin21.4.0
Thread model: posix
InstalledDir: /Applications/Xcode.app/Contents/Developer/Toolchains/XcodeDefault.xctoolchain/usr/bin
 "/Applications/Xcode.app/Contents/Developer/Toolchains/XcodeDefault.xctoolchain/usr/bin/clang" -cc1as -triple x86_64-apple-macosx12.0.0 -filetype obj -main-file-name cccmKQUS.s -target-cpu penryn -fdebug-compilation-dir /Users/snamba/Dropbox/Fastq2Sam/build_mac/CMakeFiles/CMakeTmp -dwarf-debug-producer "Apple clang version 13.0.0 (clang-1300.0.29.3)" -dwarf-version=4 -mrelocation-model pic --mrelax-relocations -mllvm -x86-pad-for-align=false -mllvm -disable-aligned-alloc-awareness=1 -mllvm -enable-dse-memoryssa=0 -o CMakeFiles/cmTC_577eb.dir/CMakeCXXCompilerABI.cpp.o /var/folders/8x/3tfr_ssx4g79rjxbsw2r71nh0000gn/T//cccmKQUS.s
COMPILER_PATH=/usr/local/Cellar/gcc/13.1.0/bin/../libexec/gcc/x86_64-apple-darwin21/13/:/usr/local/Cellar/gcc/13.1.0/bin/../libexec/gcc/
LIBRARY_PATH=/usr/local/Cellar/gcc/13.1.0/bin/../lib/gcc/current/gcc/x86_64-apple-darwin21/13/:/usr/local/Cellar/gcc/13.1.0/bin/../lib/gcc/current/gcc/:/usr/local/Cellar/gcc/13.1.0/bin/../lib/gcc/current/gcc/x86_64-apple-darwin21/13/../../../
COLLECT_GCC_OPTIONS='-isysroot' '/Applications/Xcode.app/Contents/Developer/Platforms/MacOSX.platform/Developer/SDKs/MacOSX12.0.sdk' '-v' '-o' 'CMakeFiles/cmTC_577eb.dir/CMakeCXXCompilerABI.cpp.o' '-c' '-mmacosx-version-min=12.0.0'  '-nodefaultexport' '-shared-libgcc' '-mtune=core2' '-dumpdir' 'CMakeFiles/cmTC_577eb.dir/CMakeCXXCompilerABI.cpp.'
Linking CXX executable cmTC_577eb
/usr/local/Cellar/cmake/3.17.1/bin/cmake -E cmake_link_script CMakeFiles/cmTC_577eb.dir/link.txt --verbose=1
/usr/local/bin/g++-13    -isysroot /Applications/Xcode.app/Contents/Developer/Platforms/MacOSX.platform/Developer/SDKs/MacOSX12.0.sdk -Wl,-search_paths_first -Wl,-headerpad_max_install_names -L/usr/local/opt/ruby/lib -v -Wl,-v CMakeFiles/cmTC_577eb.dir/CMakeCXXCompilerABI.cpp.o  -o cmTC_577eb 
Using built-in specs.
COLLECT_GCC=/usr/local/bin/g++-13
COLLECT_LTO_WRAPPER=/usr/local/Cellar/gcc/13.1.0/bin/../libexec/gcc/x86_64-apple-darwin21/13/lto-wrapper
Target: x86_64-apple-darwin21
Configured with: ../configure --prefix=/usr/local/opt/gcc --libdir=/usr/local/opt/gcc/lib/gcc/current --disable-nls --enable-checking=release --with-gcc-major-version-only --enable-languages=c,c++,objc,obj-c++,fortran --program-suffix=-13 --with-gmp=/usr/local/opt/gmp --with-mpfr=/usr/local/opt/mpfr --with-mpc=/usr/local/opt/libmpc --with-isl=/usr/local/opt/isl --with-zstd=/usr/local/opt/zstd --with-pkgversion='Homebrew GCC 13.1.0' --with-bugurl=https://github.com/Homebrew/homebrew-core/issues --with-system-zlib --build=x86_64-apple-darwin21 --with-sysroot=/Library/Developer/CommandLineTools/SDKs/MacOSX12.sdk
Thread model: posix
Supported LTO compression algorithms: zlib zstd
gcc version 13.1.0 (Homebrew GCC 13.1.0) 
COMPILER_PATH=/usr/local/Cellar/gcc/13.1.0/bin/../libexec/gcc/x86_64-apple-darwin21/13/:/usr/local/Cellar/gcc/13.1.0/bin/../libexec/gcc/
LIBRARY_PATH=/usr/local/Cellar/gcc/13.1.0/bin/../lib/gcc/current/gcc/x86_64-apple-darwin21/13/:/usr/local/Cellar/gcc/13.1.0/bin/../lib/gcc/current/gcc/:/usr/local/Cellar/gcc/13.1.0/bin/../lib/gcc/current/gcc/x86_64-apple-darwin21/13/../../../
COLLECT_GCC_OPTIONS='-isysroot' '/Applications/Xcode.app/Contents/Developer/Platforms/MacOSX.platform/Developer/SDKs/MacOSX12.0.sdk' '-L/usr/local/opt/ruby/lib' '-v' '-o' 'cmTC_577eb' '-mmacosx-version-min=12.0.0' '-asm_macosx_version_min=12.0' '-nodefaultexport' '-shared-libgcc' '-mtune=core2' '-dumpdir' 'cmTC_577eb.'
 /usr/local/Cellar/gcc/13.1.0/bin/../libexec/gcc/x86_64-apple-darwin21/13/collect2 -dynamic -arch x86_64 -syslibroot /Applications/Xcode.app/Contents/Developer/Platforms/MacOSX.platform/Developer/SDKs/MacOSX12.0.sdk -macosx_version_min 12.0.0 -o cmTC_577eb -L/usr/local/opt/ruby/lib -L/usr/local/Cellar/gcc/13.1.0/bin/../lib/gcc/current/gcc/x86_64-apple-darwin21/13 -L/usr/local/Cellar/gcc/13.1.0/bin/../lib/gcc/current/gcc -L/usr/local/Cellar/gcc/13.1.0/bin/../lib/gcc/current/gcc/x86_64-apple-darwin21/13/../../.. -search_paths_first -headerpad_max_install_names -v CMakeFiles/cmTC_577eb.dir/CMakeCXXCompilerABI.cpp.o -lstdc++ -lgcc_s.1.1 -lgcc -lSystem -no_compact_unwind -rpath @loader_path -rpath /usr/local/Cellar/gcc/13.1.0/lib/gcc/current/gcc/x86_64-apple-darwin21/13 -rpath /usr/local/Cellar/gcc/13.1.0/lib/gcc/current/gcc -rpath /usr/local/Cellar/gcc/13.1.0/lib/gcc/current
collect2 version 13.1.0
/usr/bin/ld -dynamic -arch x86_64 -syslibroot /Applications/Xcode.app/Contents/Developer/Platforms/MacOSX.platform/Developer/SDKs/MacOSX12.0.sdk -macosx_version_min 12.0.0 -o cmTC_577eb -L/usr/local/opt/ruby/lib -L/usr/local/Cellar/gcc/13.1.0/bin/../lib/gcc/current/gcc/x86_64-apple-darwin21/13 -L/usr/local/Cellar/gcc/13.1.0/bin/../lib/gcc/current/gcc -L/usr/local/Cellar/gcc/13.1.0/bin/../lib/gcc/current/gcc/x86_64-apple-darwin21/13/../../.. -search_paths_first -headerpad_max_install_names -v CMakeFiles/cmTC_577eb.dir/CMakeCXXCompilerABI.cpp.o -lstdc++ -lgcc_s.1.1 -lgcc -lSystem -no_compact_unwind -rpath @loader_path -rpath /usr/local/Cellar/gcc/13.1.0/lib/gcc/current/gcc/x86_64-apple-darwin21/13 -rpath /usr/local/Cellar/gcc/13.1.0/lib/gcc/current/gcc -rpath /usr/local/Cellar/gcc/13.1.0/lib/gcc/current
@(#)PROGRAM:ld  PROJECT:ld64-711
BUILD 18:11:15 Aug  3 2021
configured to support archs: armv6 armv7 armv7s arm64 arm64e arm64_32 i386 x86_64 x86_64h armv6m armv7k armv7m armv7em
Library search paths:
	/usr/local/opt/ruby/lib
	/usr/local/Cellar/gcc/13.1.0/lib/gcc/current/gcc/x86_64-apple-darwin21/13
	/usr/local/Cellar/gcc/13.1.0/lib/gcc/current/gcc
	/usr/local/Cellar/gcc/13.1.0/lib/gcc/current
	/Applications/Xcode.app/Contents/Developer/Platforms/MacOSX.platform/Developer/SDKs/MacOSX12.0.sdk/usr/lib
Framework search paths:
	/Applications/Xcode.app/Contents/Developer/Platforms/MacOSX.platform/Developer/SDKs/MacOSX12.0.sdk/System/Library/Frameworks/



Parsed CXX implicit include dir info from above output: rv=done
  found start of include info
  found start of implicit include info
    add: [/usr/local/Cellar/gcc/13.1.0/bin/../lib/gcc/current/gcc/x86_64-apple-darwin21/13/../../../../../../include/c++/13]
    add: [/usr/local/Cellar/gcc/13.1.0/bin/../lib/gcc/current/gcc/x86_64-apple-darwin21/13/../../../../../../include/c++/13/x86_64-apple-darwin21]
    add: [/usr/local/Cellar/gcc/13.1.0/bin/../lib/gcc/current/gcc/x86_64-apple-darwin21/13/../../../../../../include/c++/13/backward]
    add: [/usr/local/Cellar/gcc/13.1.0/bin/../lib/gcc/current/gcc/x86_64-apple-darwin21/13/include]
    add: [/usr/local/Cellar/gcc/13.1.0/bin/../lib/gcc/current/gcc/x86_64-apple-darwin21/13/include-fixed]
    add: [/Applications/Xcode.app/Contents/Developer/Platforms/MacOSX.platform/Developer/SDKs/MacOSX12.0.sdk/usr/include]
    add: [/Applications/Xcode.app/Contents/Developer/Platforms/MacOSX.platform/Developer/SDKs/MacOSX12.0.sdk/System/Library/Frameworks]
  end of search list found
  collapse include dir [/usr/local/Cellar/gcc/13.1.0/bin/../lib/gcc/current/gcc/x86_64-apple-darwin21/13/../../../../../../include/c++/13] ==> [/usr/local/Cellar/gcc/13.1.0/include/c++/13]
  collapse include dir [/usr/local/Cellar/gcc/13.1.0/bin/../lib/gcc/current/gcc/x86_64-apple-darwin21/13/../../../../../../include/c++/13/x86_64-apple-darwin21] ==> [/usr/local/Cellar/gcc/13.1.0/include/c++/13/x86_64-apple-darwin21]
  collapse include dir [/usr/local/Cellar/gcc/13.1.0/bin/../lib/gcc/current/gcc/x86_64-apple-darwin21/13/../../../../../../include/c++/13/backward] ==> [/usr/local/Cellar/gcc/13.1.0/include/c++/13/backward]
  collapse include dir [/usr/local/Cellar/gcc/13.1.0/bin/../lib/gcc/current/gcc/x86_64-apple-darwin21/13/include] ==> [/usr/local/Cellar/gcc/13.1.0/lib/gcc/current/gcc/x86_64-apple-darwin21/13/include]
  collapse include dir [/usr/local/Cellar/gcc/13.1.0/bin/../lib/gcc/current/gcc/x86_64-apple-darwin21/13/include-fixed] ==> [/usr/local/Cellar/gcc/13.1.0/lib/gcc/current/gcc/x86_64-apple-darwin21/13/include-fixed]
  collapse include dir [/Applications/Xcode.app/Contents/Developer/Platforms/MacOSX.platform/Developer/SDKs/MacOSX12.0.sdk/usr/include] ==> [/Applications/Xcode.app/Contents/Developer/Platforms/MacOSX.platform/Developer/SDKs/MacOSX12.0.sdk/usr/include]
  collapse include dir [/Applications/Xcode.app/Contents/Developer/Platforms/MacOSX.platform/Developer/SDKs/MacOSX12.0.sdk/System/Library/Frameworks] ==> [/Applications/Xcode.app/Contents/Developer/Platforms/MacOSX.platform/Developer/SDKs/MacOSX12.0.sdk/System/Library/Frameworks]
  implicit include dirs: [/usr/local/Cellar/gcc/13.1.0/include/c++/13;/usr/local/Cellar/gcc/13.1.0/include/c++/13/x86_64-apple-darwin21;/usr/local/Cellar/gcc/13.1.0/include/c++/13/backward;/usr/local/Cellar/gcc/13.1.0/lib/gcc/current/gcc/x86_64-apple-darwin21/13/include;/usr/local/Cellar/gcc/13.1.0/lib/gcc/current/gcc/x86_64-apple-darwin21/13/include-fixed;/Applications/Xcode.app/Contents/Developer/Platforms/MacOSX.platform/Developer/SDKs/MacOSX12.0.sdk/usr/include;/Applications/Xcode.app/Contents/Developer/Platforms/MacOSX.platform/Developer/SDKs/MacOSX12.0.sdk/System/Library/Frameworks]


Parsed CXX implicit link information from above output:
  link line regex: [^( *|.*[/\])(ld|CMAKE_LINK_STARTFILE-NOTFOUND|([^/\]+-)?ld|collect2)[^/\]*( |$)]
  ignore line: [Change Dir: /Users/snamba/Dropbox/Fastq2Sam/build_mac/CMakeFiles/CMakeTmp]
  ignore line: []
  ignore line: [Run Build Command(s):/usr/bin/make cmTC_577eb/fast && /Applications/Xcode.app/Contents/Developer/usr/bin/make  -f CMakeFiles/cmTC_577eb.dir/build.make CMakeFiles/cmTC_577eb.dir/build]
  ignore line: [Building CXX object CMakeFiles/cmTC_577eb.dir/CMakeCXXCompilerABI.cpp.o]
  ignore line: [/usr/local/bin/g++-13    -isysroot /Applications/Xcode.app/Contents/Developer/Platforms/MacOSX.platform/Developer/SDKs/MacOSX12.0.sdk   -v -Wl -v -o CMakeFiles/cmTC_577eb.dir/CMakeCXXCompilerABI.cpp.o -c /usr/local/Cellar/cmake/3.17.1/share/cmake/Modules/CMakeCXXCompilerABI.cpp]
  ignore line: [Using built-in specs.]
  ignore line: [COLLECT_GCC=/usr/local/bin/g++-13]
  ignore line: [Target: x86_64-apple-darwin21]
  ignore line: [Configured with: ../configure --prefix=/usr/local/opt/gcc --libdir=/usr/local/opt/gcc/lib/gcc/current --disable-nls --enable-checking=release --with-gcc-major-version-only --enable-languages=c c++ objc obj-c++ fortran --program-suffix=-13 --with-gmp=/usr/local/opt/gmp --with-mpfr=/usr/local/opt/mpfr --with-mpc=/usr/local/opt/libmpc --with-isl=/usr/local/opt/isl --with-zstd=/usr/local/opt/zstd --with-pkgversion='Homebrew GCC 13.1.0' --with-bugurl=https://github.com/Homebrew/homebrew-core/issues --with-system-zlib --build=x86_64-apple-darwin21 --with-sysroot=/Library/Developer/CommandLineTools/SDKs/MacOSX12.sdk]
  ignore line: [Thread model: posix]
  ignore line: [Supported LTO compression algorithms: zlib zstd]
  ignore line: [gcc version 13.1.0 (Homebrew GCC 13.1.0) ]
  ignore line: [COLLECT_GCC_OPTIONS='-isysroot' '/Applications/Xcode.app/Contents/Developer/Platforms/MacOSX.platform/Developer/SDKs/MacOSX12.0.sdk' '-v' '-o' 'CMakeFiles/cmTC_577eb.dir/CMakeCXXCompilerABI.cpp.o' '-c' '-mmacosx-version-min=12.0.0' '-asm_macosx_version_min=12.0' '-nodefaultexport' '-shared-libgcc' '-mtune=core2' '-dumpdir' 'CMakeFiles/cmTC_577eb.dir/']
  ignore line: [ /usr/local/Cellar/gcc/13.1.0/bin/../libexec/gcc/x86_64-apple-darwin21/13/cc1plus -quiet -v -iprefix /usr/local/Cellar/gcc/13.1.0/bin/../lib/gcc/current/gcc/x86_64-apple-darwin21/13/ -D__DYNAMIC__ -isysroot /Applications/Xcode.app/Contents/Developer/Platforms/MacOSX.platform/Developer/SDKs/MacOSX12.0.sdk /usr/local/Cellar/cmake/3.17.1/share/cmake/Modules/CMakeCXXCompilerABI.cpp -fPIC -quiet -dumpdir CMakeFiles/cmTC_577eb.dir/ -dumpbase CMakeCXXCompilerABI.cpp.cpp -dumpbase-ext .cpp -mmacosx-version-min=12.0.0 -mtune=core2 -version -o /var/folders/8x/3tfr_ssx4g79rjxbsw2r71nh0000gn/T//cccmKQUS.s]
  ignore line: [GNU C++17 (Homebrew GCC 13.1.0) version 13.1.0 (x86_64-apple-darwin21)]
  ignore line: [	compiled by GNU C version 13.1.0  GMP version 6.2.1  MPFR version 4.2.0-p4  MPC version 1.3.1  isl version isl-0.26-GMP]
  ignore line: []
  ignore line: [warning: MPFR header version 4.2.0-p4 differs from library version 4.2.0-p9.]
  ignore line: [GGC heuristics: --param ggc-min-expand=100 --param ggc-min-heapsize=131072]
  ignore line: [ignoring nonexistent directory "/usr/local/Cellar/gcc/13.1.0/bin/../lib/gcc/current/gcc/x86_64-apple-darwin21/13/../../../../../../x86_64-apple-darwin21/include"]
  ignore line: [ignoring duplicate directory "/usr/local/Cellar/gcc/13.1.0/bin/../lib/gcc/current/gcc/../../../../lib/gcc/current/gcc/x86_64-apple-darwin21/13/../../../../../../include/c++/13"]
  ignore line: [ignoring duplicate directory "/usr/local/Cellar/gcc/13.1.0/bin/../lib/gcc/current/gcc/../../../../lib/gcc/current/gcc/x86_64-apple-darwin21/13/../../../../../../include/c++/13/x86_64-apple-darwin21"]
  ignore line: [ignoring duplicate directory "/usr/local/Cellar/gcc/13.1.0/bin/../lib/gcc/current/gcc/../../../../lib/gcc/current/gcc/x86_64-apple-darwin21/13/../../../../../../include/c++/13/backward"]
  ignore line: [ignoring duplicate directory "/usr/local/Cellar/gcc/13.1.0/bin/../lib/gcc/current/gcc/../../../../lib/gcc/current/gcc/x86_64-apple-darwin21/13/include"]
  ignore line: [ignoring nonexistent directory "/Applications/Xcode.app/Contents/Developer/Platforms/MacOSX.platform/Developer/SDKs/MacOSX12.0.sdk/usr/local/include"]
  ignore line: [ignoring duplicate directory "/usr/local/Cellar/gcc/13.1.0/bin/../lib/gcc/current/gcc/../../../../lib/gcc/current/gcc/x86_64-apple-darwin21/13/include-fixed"]
  ignore line: [ignoring nonexistent directory "/usr/local/Cellar/gcc/13.1.0/bin/../lib/gcc/current/gcc/../../../../lib/gcc/current/gcc/x86_64-apple-darwin21/13/../../../../../../x86_64-apple-darwin21/include"]
  ignore line: [ignoring nonexistent directory "/Applications/Xcode.app/Contents/Developer/Platforms/MacOSX.platform/Developer/SDKs/MacOSX12.0.sdk/Library/Frameworks"]
  ignore line: [#include "..." search starts here:]
  ignore line: [#include <...> search starts here:]
  ignore line: [ /usr/local/Cellar/gcc/13.1.0/bin/../lib/gcc/current/gcc/x86_64-apple-darwin21/13/../../../../../../include/c++/13]
  ignore line: [ /usr/local/Cellar/gcc/13.1.0/bin/../lib/gcc/current/gcc/x86_64-apple-darwin21/13/../../../../../../include/c++/13/x86_64-apple-darwin21]
  ignore line: [ /usr/local/Cellar/gcc/13.1.0/bin/../lib/gcc/current/gcc/x86_64-apple-darwin21/13/../../../../../../include/c++/13/backward]
  ignore line: [ /usr/local/Cellar/gcc/13.1.0/bin/../lib/gcc/current/gcc/x86_64-apple-darwin21/13/include]
  ignore line: [ /usr/local/Cellar/gcc/13.1.0/bin/../lib/gcc/current/gcc/x86_64-apple-darwin21/13/include-fixed]
  ignore line: [ /Applications/Xcode.app/Contents/Developer/Platforms/MacOSX.platform/Developer/SDKs/MacOSX12.0.sdk/usr/include]
  ignore line: [ /Applications/Xcode.app/Contents/Developer/Platforms/MacOSX.platform/Developer/SDKs/MacOSX12.0.sdk/System/Library/Frameworks]
  ignore line: [End of search list.]
  ignore line: [Compiler executable checksum: e5ba2421883fc0e9f14f96691701f76b]
  ignore line: [COLLECT_GCC_OPTIONS='-isysroot' '/Applications/Xcode.app/Contents/Developer/Platforms/MacOSX.platform/Developer/SDKs/MacOSX12.0.sdk' '-v' '-o' 'CMakeFiles/cmTC_577eb.dir/CMakeCXXCompilerABI.cpp.o' '-c' '-mmacosx-version-min=12.0.0'  '-nodefaultexport' '-shared-libgcc' '-mtune=core2' '-dumpdir' 'CMakeFiles/cmTC_577eb.dir/']
  ignore line: [ as -arch x86_64 -v -mmacosx-version-min=12.0 -mllvm -x86-pad-for-align=false -force_cpusubtype_ALL -o CMakeFiles/cmTC_577eb.dir/CMakeCXXCompilerABI.cpp.o /var/folders/8x/3tfr_ssx4g79rjxbsw2r71nh0000gn/T//cccmKQUS.s]
  ignore line: [Apple clang version 13.0.0 (clang-1300.0.29.3)]
  ignore line: [Target: x86_64-apple-darwin21.4.0]
  ignore line: [Thread model: posix]
  ignore line: [InstalledDir: /Applications/Xcode.app/Contents/Developer/Toolchains/XcodeDefault.xctoolchain/usr/bin]
  ignore line: [ "/Applications/Xcode.app/Contents/Developer/Toolchains/XcodeDefault.xctoolchain/usr/bin/clang" -cc1as -triple x86_64-apple-macosx12.0.0 -filetype obj -main-file-name cccmKQUS.s -target-cpu penryn -fdebug-compilation-dir /Users/snamba/Dropbox/Fastq2Sam/build_mac/CMakeFiles/CMakeTmp -dwarf-debug-producer "Apple clang version 13.0.0 (clang-1300.0.29.3)" -dwarf-version=4 -mrelocation-model pic --mrelax-relocations -mllvm -x86-pad-for-align=false -mllvm -disable-aligned-alloc-awareness=1 -mllvm -enable-dse-memoryssa=0 -o CMakeFiles/cmTC_577eb.dir/CMakeCXXCompilerABI.cpp.o /var/folders/8x/3tfr_ssx4g79rjxbsw2r71nh0000gn/T//cccmKQUS.s]
  ignore line: [COMPILER_PATH=/usr/local/Cellar/gcc/13.1.0/bin/../libexec/gcc/x86_64-apple-darwin21/13/:/usr/local/Cellar/gcc/13.1.0/bin/../libexec/gcc/]
  ignore line: [LIBRARY_PATH=/usr/local/Cellar/gcc/13.1.0/bin/../lib/gcc/current/gcc/x86_64-apple-darwin21/13/:/usr/local/Cellar/gcc/13.1.0/bin/../lib/gcc/current/gcc/:/usr/local/Cellar/gcc/13.1.0/bin/../lib/gcc/current/gcc/x86_64-apple-darwin21/13/../../../]
  ignore line: [COLLECT_GCC_OPTIONS='-isysroot' '/Applications/Xcode.app/Contents/Developer/Platforms/MacOSX.platform/Developer/SDKs/MacOSX12.0.sdk' '-v' '-o' 'CMakeFiles/cmTC_577eb.dir/CMakeCXXCompilerABI.cpp.o' '-c' '-mmacosx-version-min=12.0.0'  '-nodefaultexport' '-shared-libgcc' '-mtune=core2' '-dumpdir' 'CMakeFiles/cmTC_577eb.dir/CMakeCXXCompilerABI.cpp.']
  ignore line: [Linking CXX executable cmTC_577eb]
  ignore line: [/usr/local/Cellar/cmake/3.17.1/bin/cmake -E cmake_link_script CMakeFiles/cmTC_577eb.dir/link.txt --verbose=1]
  ignore line: [/usr/local/bin/g++-13    -isysroot /Applications/Xcode.app/Contents/Developer/Platforms/MacOSX.platform/Developer/SDKs/MacOSX12.0.sdk -Wl -search_paths_first -Wl -headerpad_max_install_names -L/usr/local/opt/ruby/lib -v -Wl -v CMakeFiles/cmTC_577eb.dir/CMakeCXXCompilerABI.cpp.o  -o cmTC_577eb ]
  ignore line: [Using built-in specs.]
  ignore line: [COLLECT_GCC=/usr/local/bin/g++-13]
  ignore line: [COLLECT_LTO_WRAPPER=/usr/local/Cellar/gcc/13.1.0/bin/../libexec/gcc/x86_64-apple-darwin21/13/lto-wrapper]
  ignore line: [Target: x86_64-apple-darwin21]
  ignore line: [Configured with: ../configure --prefix=/usr/local/opt/gcc --libdir=/usr/local/opt/gcc/lib/gcc/current --disable-nls --enable-checking=release --with-gcc-major-version-only --enable-languages=c c++ objc obj-c++ fortran --program-suffix=-13 --with-gmp=/usr/local/opt/gmp --with-mpfr=/usr/local/opt/mpfr --with-mpc=/usr/local/opt/libmpc --with-isl=/usr/local/opt/isl --with-zstd=/usr/local/opt/zstd --with-pkgversion='Homebrew GCC 13.1.0' --with-bugurl=https://github.com/Homebrew/homebrew-core/issues --with-system-zlib --build=x86_64-apple-darwin21 --with-sysroot=/Library/Developer/CommandLineTools/SDKs/MacOSX12.sdk]
  ignore line: [Thread model: posix]
  ignore line: [Supported LTO compression algorithms: zlib zstd]
  ignore line: [gcc version 13.1.0 (Homebrew GCC 13.1.0) ]
  ignore line: [COMPILER_PATH=/usr/local/Cellar/gcc/13.1.0/bin/../libexec/gcc/x86_64-apple-darwin21/13/:/usr/local/Cellar/gcc/13.1.0/bin/../libexec/gcc/]
  ignore line: [LIBRARY_PATH=/usr/local/Cellar/gcc/13.1.0/bin/../lib/gcc/current/gcc/x86_64-apple-darwin21/13/:/usr/local/Cellar/gcc/13.1.0/bin/../lib/gcc/current/gcc/:/usr/local/Cellar/gcc/13.1.0/bin/../lib/gcc/current/gcc/x86_64-apple-darwin21/13/../../../]
  ignore line: [COLLECT_GCC_OPTIONS='-isysroot' '/Applications/Xcode.app/Contents/Developer/Platforms/MacOSX.platform/Developer/SDKs/MacOSX12.0.sdk' '-L/usr/local/opt/ruby/lib' '-v' '-o' 'cmTC_577eb' '-mmacosx-version-min=12.0.0' '-asm_macosx_version_min=12.0' '-nodefaultexport' '-shared-libgcc' '-mtune=core2' '-dumpdir' 'cmTC_577eb.']
  link line: [ /usr/local/Cellar/gcc/13.1.0/bin/../libexec/gcc/x86_64-apple-darwin21/13/collect2 -dynamic -arch x86_64 -syslibroot /Applications/Xcode.app/Contents/Developer/Platforms/MacOSX.platform/Developer/SDKs/MacOSX12.0.sdk -macosx_version_min 12.0.0 -o cmTC_577eb -L/usr/local/opt/ruby/lib -L/usr/local/Cellar/gcc/13.1.0/bin/../lib/gcc/current/gcc/x86_64-apple-darwin21/13 -L/usr/local/Cellar/gcc/13.1.0/bin/../lib/gcc/current/gcc -L/usr/local/Cellar/gcc/13.1.0/bin/../lib/gcc/current/gcc/x86_64-apple-darwin21/13/../../.. -search_paths_first -headerpad_max_install_names -v CMakeFiles/cmTC_577eb.dir/CMakeCXXCompilerABI.cpp.o -lstdc++ -lgcc_s.1.1 -lgcc -lSystem -no_compact_unwind -rpath @loader_path -rpath /usr/local/Cellar/gcc/13.1.0/lib/gcc/current/gcc/x86_64-apple-darwin21/13 -rpath /usr/local/Cellar/gcc/13.1.0/lib/gcc/current/gcc -rpath /usr/local/Cellar/gcc/13.1.0/lib/gcc/current]
    arg [/usr/local/Cellar/gcc/13.1.0/bin/../libexec/gcc/x86_64-apple-darwin21/13/collect2] ==> ignore
    arg [-dynamic] ==> ignore
    arg [-arch] ==> ignore
    arg [x86_64] ==> ignore
    arg [-syslibroot] ==> ignore
    arg [/Applications/Xcode.app/Contents/Developer/Platforms/MacOSX.platform/Developer/SDKs/MacOSX12.0.sdk] ==> ignore
    arg [-macosx_version_min] ==> ignore
    arg [12.0.0] ==> ignore
    arg [-o] ==> ignore
    arg [cmTC_577eb] ==> ignore
    arg [-L/usr/local/opt/ruby/lib] ==> dir [/usr/local/opt/ruby/lib]
    arg [-L/usr/local/Cellar/gcc/13.1.0/bin/../lib/gcc/current/gcc/x86_64-apple-darwin21/13] ==> dir [/usr/local/Cellar/gcc/13.1.0/bin/../lib/gcc/current/gcc/x86_64-apple-darwin21/13]
    arg [-L/usr/local/Cellar/gcc/13.1.0/bin/../lib/gcc/current/gcc] ==> dir [/usr/local/Cellar/gcc/13.1.0/bin/../lib/gcc/current/gcc]
    arg [-L/usr/local/Cellar/gcc/13.1.0/bin/../lib/gcc/current/gcc/x86_64-apple-darwin21/13/../../..] ==> dir [/usr/local/Cellar/gcc/13.1.0/bin/../lib/gcc/current/gcc/x86_64-apple-darwin21/13/../../..]
    arg [-search_paths_first] ==> ignore
    arg [-headerpad_max_install_names] ==> ignore
    arg [-v] ==> ignore
    arg [CMakeFiles/cmTC_577eb.dir/CMakeCXXCompilerABI.cpp.o] ==> ignore
    arg [-lstdc++] ==> lib [stdc++]
    arg [-lgcc_s.1.1] ==> lib [gcc_s.1.1]
    arg [-lgcc] ==> lib [gcc]
    arg [-lSystem] ==> lib [System]
    arg [-no_compact_unwind] ==> ignore
    arg [-rpath] ==> ignore
    arg [@loader_path] ==> ignore
    arg [-rpath] ==> ignore
    arg [/usr/local/Cellar/gcc/13.1.0/lib/gcc/current/gcc/x86_64-apple-darwin21/13] ==> ignore
    arg [-rpath] ==> ignore
    arg [/usr/local/Cellar/gcc/13.1.0/lib/gcc/current/gcc] ==> ignore
    arg [-rpath] ==> ignore
    arg [/usr/local/Cellar/gcc/13.1.0/lib/gcc/current] ==> ignore
  Library search paths: [;/usr/local/opt/ruby/lib;/usr/local/Cellar/gcc/13.1.0/lib/gcc/current/gcc/x86_64-apple-darwin21/13;/usr/local/Cellar/gcc/13.1.0/lib/gcc/current/gcc;/usr/local/Cellar/gcc/13.1.0/lib/gcc/current;/Applications/Xcode.app/Contents/Developer/Platforms/MacOSX.platform/Developer/SDKs/MacOSX12.0.sdk/usr/lib]
  Framework search paths: [;/Applications/Xcode.app/Contents/Developer/Platforms/MacOSX.platform/Developer/SDKs/MacOSX12.0.sdk/System/Library/Frameworks/]
  remove lib [System]
  collapse library dir [/usr/local/opt/ruby/lib] ==> [/usr/local/opt/ruby/lib]
  collapse library dir [/usr/local/Cellar/gcc/13.1.0/bin/../lib/gcc/current/gcc/x86_64-apple-darwin21/13] ==> [/usr/local/Cellar/gcc/13.1.0/lib/gcc/current/gcc/x86_64-apple-darwin21/13]
  collapse library dir [/usr/local/Cellar/gcc/13.1.0/bin/../lib/gcc/current/gcc] ==> [/usr/local/Cellar/gcc/13.1.0/lib/gcc/current/gcc]
  collapse library dir [/usr/local/Cellar/gcc/13.1.0/bin/../lib/gcc/current/gcc/x86_64-apple-darwin21/13/../../..] ==> [/usr/local/Cellar/gcc/13.1.0/lib/gcc/current]
  collapse library dir [/usr/local/opt/ruby/lib] ==> [/usr/local/opt/ruby/lib]
  collapse library dir [/usr/local/Cellar/gcc/13.1.0/lib/gcc/current/gcc/x86_64-apple-darwin21/13] ==> [/usr/local/Cellar/gcc/13.1.0/lib/gcc/current/gcc/x86_64-apple-darwin21/13]
  collapse library dir [/usr/local/Cellar/gcc/13.1.0/lib/gcc/current/gcc] ==> [/usr/local/Cellar/gcc/13.1.0/lib/gcc/current/gcc]
  collapse library dir [/usr/local/Cellar/gcc/13.1.0/lib/gcc/current] ==> [/usr/local/Cellar/gcc/13.1.0/lib/gcc/current]
  collapse library dir [/Applications/Xcode.app/Contents/Developer/Platforms/MacOSX.platform/Developer/SDKs/MacOSX12.0.sdk/usr/lib] ==> [/Applications/Xcode.app/Contents/Developer/Platforms/MacOSX.platform/Developer/SDKs/MacOSX12.0.sdk/usr/lib]
  collapse framework dir [/Applications/Xcode.app/Contents/Developer/Platforms/MacOSX.platform/Developer/SDKs/MacOSX12.0.sdk/System/Library/Frameworks/] ==> [/Applications/Xcode.app/Contents/Developer/Platforms/MacOSX.platform/Developer/SDKs/MacOSX12.0.sdk/System/Library/Frameworks]
  implicit libs: [stdc++;gcc_s.1.1;gcc]
  implicit dirs: [/usr/local/opt/ruby/lib;/usr/local/Cellar/gcc/13.1.0/lib/gcc/current/gcc/x86_64-apple-darwin21/13;/usr/local/Cellar/gcc/13.1.0/lib/gcc/current/gcc;/usr/local/Cellar/gcc/13.1.0/lib/gcc/current;/Applications/Xcode.app/Contents/Developer/Platforms/MacOSX.platform/Developer/SDKs/MacOSX12.0.sdk/usr/lib]
  implicit fwks: [/Applications/Xcode.app/Contents/Developer/Platforms/MacOSX.platform/Developer/SDKs/MacOSX12.0.sdk/System/Library/Frameworks]


Performing C++ SOURCE FILE Test CPP20_FLAG_STD20 succeeded with the following output:
Change Dir: /Users/snamba/Dropbox/Fastq2Sam/build_mac/CMakeFiles/CMakeTmp

Run Build Command(s):/usr/bin/make cmTC_eb781/fast && /Applications/Xcode.app/Contents/Developer/usr/bin/make  -f CMakeFiles/cmTC_eb781.dir/build.make CMakeFiles/cmTC_eb781.dir/build
Building CXX object CMakeFiles/cmTC_eb781.dir/src.cxx.o
/usr/local/bin/g++-13   -I/Users/snamba/Dropbox/Fastq2Sam/seqan3/include -I/Users/snamba/Dropbox/Fastq2Sam/seqan3/submodules/sdsl-lite/include -I/Users/snamba/Dropbox/Fastq2Sam/seqan3/submodules/cereal/include  -DCPP20_FLAG_STD20  -std=c++20 -isysroot /Applications/Xcode.app/Contents/Developer/Platforms/MacOSX.platform/Developer/SDKs/MacOSX12.0.sdk   -o CMakeFiles/cmTC_eb781.dir/src.cxx.o -c /Users/snamba/Dropbox/Fastq2Sam/build_mac/CMakeFiles/CMakeTmp/src.cxx
Linking CXX executable cmTC_eb781
/usr/local/Cellar/cmake/3.17.1/bin/cmake -E cmake_link_script CMakeFiles/cmTC_eb781.dir/link.txt --verbose=1
/usr/local/bin/g++-13   -DCPP20_FLAG_STD20  -std=c++20 -isysroot /Applications/Xcode.app/Contents/Developer/Platforms/MacOSX.platform/Developer/SDKs/MacOSX12.0.sdk -Wl,-search_paths_first -Wl,-headerpad_max_install_names -L/usr/local/opt/ruby/lib  CMakeFiles/cmTC_eb781.dir/src.cxx.o  -o cmTC_eb781 


Source file was:
#if !defined (__cplusplus) || (__cplusplus < 201709)
      #error NOCXX20
      #endif
      int main() {}
Determining if the include file pthread.h exists passed with the following output:
Change Dir: /Users/snamba/Dropbox/Fastq2Sam/build_mac/CMakeFiles/CMakeTmp

Run Build Command(s):/usr/bin/make cmTC_09b65/fast && /Applications/Xcode.app/Contents/Developer/usr/bin/make  -f CMakeFiles/cmTC_09b65.dir/build.make CMakeFiles/cmTC_09b65.dir/build
Building CXX object CMakeFiles/cmTC_09b65.dir/CheckIncludeFile.cxx.o
/usr/local/bin/g++-13   -I/Users/snamba/Dropbox/Fastq2Sam/seqan3/include -I/Users/snamba/Dropbox/Fastq2Sam/seqan3/submodules/sdsl-lite/include -I/Users/snamba/Dropbox/Fastq2Sam/seqan3/submodules/cereal/include  -isysroot /Applications/Xcode.app/Contents/Developer/Platforms/MacOSX.platform/Developer/SDKs/MacOSX12.0.sdk   -o CMakeFiles/cmTC_09b65.dir/CheckIncludeFile.cxx.o -c /Users/snamba/Dropbox/Fastq2Sam/build_mac/CMakeFiles/CMakeTmp/CheckIncludeFile.cxx
Linking CXX executable cmTC_09b65
/usr/local/Cellar/cmake/3.17.1/bin/cmake -E cmake_link_script CMakeFiles/cmTC_09b65.dir/link.txt --verbose=1
/usr/local/bin/g++-13    -isysroot /Applications/Xcode.app/Contents/Developer/Platforms/MacOSX.platform/Developer/SDKs/MacOSX12.0.sdk -Wl,-search_paths_first -Wl,-headerpad_max_install_names -L/usr/local/opt/ruby/lib  CMakeFiles/cmTC_09b65.dir/CheckIncludeFile.cxx.o  -o cmTC_09b65 



Performing C++ SOURCE FILE Test CMAKE_HAVE_LIBC_PTHREAD succeeded with the following output:
Change Dir: /Users/snamba/Dropbox/Fastq2Sam/build_mac/CMakeFiles/CMakeTmp

Run Build Command(s):/usr/bin/make cmTC_5a1a2/fast && /Applications/Xcode.app/Contents/Developer/usr/bin/make  -f CMakeFiles/cmTC_5a1a2.dir/build.make CMakeFiles/cmTC_5a1a2.dir/build
Building CXX object CMakeFiles/cmTC_5a1a2.dir/src.cxx.o
/usr/local/bin/g++-13   -I/Users/snamba/Dropbox/Fastq2Sam/seqan3/include -I/Users/snamba/Dropbox/Fastq2Sam/seqan3/submodules/sdsl-lite/include -I/Users/snamba/Dropbox/Fastq2Sam/seqan3/submodules/cereal/include  -DCMAKE_HAVE_LIBC_PTHREAD -isysroot /Applications/Xcode.app/Contents/Developer/Platforms/MacOSX.platform/Developer/SDKs/MacOSX12.0.sdk   -o CMakeFiles/cmTC_5a1a2.dir/src.cxx.o -c /Users/snamba/Dropbox/Fastq2Sam/build_mac/CMakeFiles/CMakeTmp/src.cxx
Linking CXX executable cmTC_5a1a2
/usr/local/Cellar/cmake/3.17.1/bin/cmake -E cmake_link_script CMakeFiles/cmTC_5a1a2.dir/link.txt --verbose=1
/usr/local/bin/g++-13   -DCMAKE_HAVE_LIBC_PTHREAD -isysroot /Applications/Xcode.app/Contents/Developer/Platforms/MacOSX.platform/Developer/SDKs/MacOSX12.0.sdk -Wl,-search_paths_first -Wl,-headerpad_max_install_names -L/usr/local/opt/ruby/lib  CMakeFiles/cmTC_5a1a2.dir/src.cxx.o  -o cmTC_5a1a2 


Source file was:
#include <pthread.h>

void* test_func(void* data)
{
  return data;
}

int main(void)
{
  pthread_t thread;
  pthread_create(&thread, NULL, test_func, NULL);
  pthread_detach(thread);
  pthread_cancel(thread);
  pthread_join(thread, NULL);
  pthread_atfork(NULL, NULL, NULL);
  pthread_exit(NULL);

  return 0;
}

Determining if the include file sdsl/version.hpp exists passed with the following output:
Change Dir: /Users/snamba/Dropbox/Fastq2Sam/build_mac/CMakeFiles/CMakeTmp

Run Build Command(s):/usr/bin/make cmTC_49602/fast && /Applications/Xcode.app/Contents/Developer/usr/bin/make  -f CMakeFiles/cmTC_49602.dir/build.make CMakeFiles/cmTC_49602.dir/build
Building CXX object CMakeFiles/cmTC_49602.dir/CheckIncludeFile.cxx.o
/usr/local/bin/g++-13   -I/Users/snamba/Dropbox/Fastq2Sam/seqan3/include -I/Users/snamba/Dropbox/Fastq2Sam/seqan3/submodules/sdsl-lite/include -I/Users/snamba/Dropbox/Fastq2Sam/seqan3/submodules/cereal/include  -isysroot /Applications/Xcode.app/Contents/Developer/Platforms/MacOSX.platform/Developer/SDKs/MacOSX12.0.sdk   -o CMakeFiles/cmTC_49602.dir/CheckIncludeFile.cxx.o -c /Users/snamba/Dropbox/Fastq2Sam/build_mac/CMakeFiles/CMakeTmp/CheckIncludeFile.cxx
Linking CXX executable cmTC_49602
/usr/local/Cellar/cmake/3.17.1/bin/cmake -E cmake_link_script CMakeFiles/cmTC_49602.dir/link.txt --verbose=1
/usr/local/bin/g++-13    -isysroot /Applications/Xcode.app/Contents/Developer/Platforms/MacOSX.platform/Developer/SDKs/MacOSX12.0.sdk -Wl,-search_paths_first -Wl,-headerpad_max_install_names -L/usr/local/opt/ruby/lib  CMakeFiles/cmTC_49602.dir/CheckIncludeFile.cxx.o  -o cmTC_49602 



Determining if the include file cereal/cereal.hpp exists passed with the following output:
Change Dir: /Users/snamba/Dropbox/Fastq2Sam/build_mac/CMakeFiles/CMakeTmp

Run Build Command(s):/usr/bin/make cmTC_9e918/fast && /Applications/Xcode.app/Contents/Developer/usr/bin/make  -f CMakeFiles/cmTC_9e918.dir/build.make CMakeFiles/cmTC_9e918.dir/build
Building CXX object CMakeFiles/cmTC_9e918.dir/CheckIncludeFile.cxx.o
/usr/local/bin/g++-13   -I/Users/snamba/Dropbox/Fastq2Sam/seqan3/include -I/Users/snamba/Dropbox/Fastq2Sam/seqan3/submodules/sdsl-lite/include -I/Users/snamba/Dropbox/Fastq2Sam/seqan3/submodules/cereal/include  -isysroot /Applications/Xcode.app/Contents/Developer/Platforms/MacOSX.platform/Developer/SDKs/MacOSX12.0.sdk   -o CMakeFiles/cmTC_9e918.dir/CheckIncludeFile.cxx.o -c /Users/snamba/Dropbox/Fastq2Sam/build_mac/CMakeFiles/CMakeTmp/CheckIncludeFile.cxx
Linking CXX executable cmTC_9e918
/usr/local/Cellar/cmake/3.17.1/bin/cmake -E cmake_link_script CMakeFiles/cmTC_9e918.dir/link.txt --verbose=1
/usr/local/bin/g++-13    -isysroot /Applications/Xcode.app/Contents/Developer/Platforms/MacOSX.platform/Developer/SDKs/MacOSX12.0.sdk -Wl,-search_paths_first -Wl,-headerpad_max_install_names -L/usr/local/opt/ruby/lib  CMakeFiles/cmTC_9e918.dir/CheckIncludeFile.cxx.o  -o cmTC_9e918 



Determining if the include file execinfo.h exists passed with the following output:
Change Dir: /Users/snamba/Dropbox/Fastq2Sam/build_mac/CMakeFiles/CMakeTmp

Run Build Command(s):/usr/bin/make cmTC_27b1e/fast && /Applications/Xcode.app/Contents/Developer/usr/bin/make  -f CMakeFiles/cmTC_27b1e.dir/build.make CMakeFiles/cmTC_27b1e.dir/build
Building CXX object CMakeFiles/cmTC_27b1e.dir/CheckIncludeFile.cxx.o
/usr/local/bin/g++-13   -I/Users/snamba/Dropbox/Fastq2Sam/seqan3/include -I/Users/snamba/Dropbox/Fastq2Sam/seqan3/submodules/sdsl-lite/include -I/Users/snamba/Dropbox/Fastq2Sam/seqan3/submodules/cereal/include  -isysroot /Applications/Xcode.app/Contents/Developer/Platforms/MacOSX.platform/Developer/SDKs/MacOSX12.0.sdk   -o CMakeFiles/cmTC_27b1e.dir/CheckIncludeFile.cxx.o -c /Users/snamba/Dropbox/Fastq2Sam/build_mac/CMakeFiles/CMakeTmp/CheckIncludeFile.cxx
Linking CXX executable cmTC_27b1e
/usr/local/Cellar/cmake/3.17.1/bin/cmake -E cmake_link_script CMakeFiles/cmTC_27b1e.dir/link.txt --verbose=1
/usr/local/bin/g++-13    -isysroot /Applications/Xcode.app/Contents/Developer/Platforms/MacOSX.platform/Developer/SDKs/MacOSX12.0.sdk -Wl,-search_paths_first -Wl,-headerpad_max_install_names -L/usr/local/opt/ruby/lib  CMakeFiles/cmTC_27b1e.dir/CheckIncludeFile.cxx.o  -o cmTC_27b1e 



Performing C++ SOURCE FILE Test CXX20_FLAG succeeded with the following output:
Change Dir: /Users/snamba/Dropbox/Fastq2Sam/build_mac/CMakeFiles/CMakeTmp

Run Build Command(s):/usr/bin/make cmTC_58bbf/fast && /Applications/Xcode.app/Contents/Developer/usr/bin/make  -f CMakeFiles/cmTC_58bbf.dir/build.make CMakeFiles/cmTC_58bbf.dir/build
Building CXX object CMakeFiles/cmTC_58bbf.dir/src.cxx.o
/usr/local/bin/g++-13   -I/Users/snamba/Dropbox/Fastq2Sam/sharg-parser/include  -DCXX20_FLAG  -std=c++20 -isysroot /Applications/Xcode.app/Contents/Developer/Platforms/MacOSX.platform/Developer/SDKs/MacOSX12.0.sdk   -o CMakeFiles/cmTC_58bbf.dir/src.cxx.o -c /Users/snamba/Dropbox/Fastq2Sam/build_mac/CMakeFiles/CMakeTmp/src.cxx
Linking CXX executable cmTC_58bbf
/usr/local/Cellar/cmake/3.17.1/bin/cmake -E cmake_link_script CMakeFiles/cmTC_58bbf.dir/link.txt --verbose=1
/usr/local/bin/g++-13   -DCXX20_FLAG  -std=c++20 -isysroot /Applications/Xcode.app/Contents/Developer/Platforms/MacOSX.platform/Developer/SDKs/MacOSX12.0.sdk -Wl,-search_paths_first -Wl,-headerpad_max_install_names -L/usr/local/opt/ruby/lib  CMakeFiles/cmTC_58bbf.dir/src.cxx.o  -o cmTC_58bbf 


Source file was:
#if !defined (__cplusplus) || (__cplusplus < 201709L)
    #error NOCXX20
    #endif
    int main() {}
Determining if the include file execinfo.h exists passed with the following output:
Change Dir: /Users/snamba/Dropbox/Fastq2Sam/build_mac/CMakeFiles/CMakeTmp

Run Build Command(s):/usr/bin/make cmTC_679ba/fast && /Applications/Xcode.app/Contents/Developer/usr/bin/make  -f CMakeFiles/cmTC_679ba.dir/build.make CMakeFiles/cmTC_679ba.dir/build
Building CXX object CMakeFiles/cmTC_679ba.dir/CheckIncludeFile.cxx.o
/usr/local/bin/g++-13   -I/Users/snamba/Dropbox/Fastq2Sam/sharg-parser/include  -std=c++20 -isysroot /Applications/Xcode.app/Contents/Developer/Platforms/MacOSX.platform/Developer/SDKs/MacOSX12.0.sdk   -o CMakeFiles/cmTC_679ba.dir/CheckIncludeFile.cxx.o -c /Users/snamba/Dropbox/Fastq2Sam/build_mac/CMakeFiles/CMakeTmp/CheckIncludeFile.cxx
Linking CXX executable cmTC_679ba
/usr/local/Cellar/cmake/3.17.1/bin/cmake -E cmake_link_script CMakeFiles/cmTC_679ba.dir/link.txt --verbose=1
/usr/local/bin/g++-13    -std=c++20 -isysroot /Applications/Xcode.app/Contents/Developer/Platforms/MacOSX.platform/Developer/SDKs/MacOSX12.0.sdk -Wl,-search_paths_first -Wl,-headerpad_max_install_names -L/usr/local/opt/ruby/lib  CMakeFiles/cmTC_679ba.dir/CheckIncludeFile.cxx.o  -o cmTC_679ba 



